{
  "stats": {
    "suites": 8,
    "tests": 31,
    "passes": 22,
    "pending": 0,
    "failures": 9,
    "start": "2024-04-08T12:24:46.537Z",
    "end": "2024-04-08T12:25:05.995Z",
    "duration": 19458,
    "testsRegistered": 31,
    "passPercent": 70.96774193548387,
    "pendingPercent": 0,
    "other": 0,
    "hasOther": false,
    "skipped": 0,
    "hasSkipped": false
  },
  "results": [
    {
      "uuid": "551b7045-ed97-43a6-ac1f-20d55f8e254c",
      "title": "",
      "fullFile": "cypress\\e2e\\backend\\endpoints.cy.js",
      "file": "cypress\\e2e\\backend\\endpoints.cy.js",
      "beforeHooks": [],
      "afterHooks": [],
      "tests": [],
      "suites": [
        {
          "uuid": "5c95770d-07ca-4838-ae60-29eef9055cdf",
          "title": "GET /api/products",
          "fullFile": "",
          "file": "",
          "beforeHooks": [],
          "afterHooks": [],
          "tests": [
            {
              "title": "returns 200 - success",
              "fullTitle": "GET /api/products returns 200 - success",
              "timedOut": null,
              "duration": 941,
              "state": "passed",
              "speed": "fast",
              "pass": true,
              "fail": false,
              "pending": false,
              "context": null,
              "code": "cy.request(endpoint).then(response => {\n  expect(response.status).to.be.eq(200);\n  expect(response.headers[\"content-type\"]).to.contains(\"application/json\");\n  for (let product of response.body) {\n    expect(product.id).to.be.a(\"string\");\n    expect(product.id).to.be.match(_pattern.UUIDv4);\n    expect(product.name).to.be.a(\"string\");\n    expect(product.description).to.be.a(\"string\");\n    expect(product.category).to.be.a(\"string\");\n    expect(product.originalPrice).to.be.a(\"number\");\n    expect(product.pictureUrl).to.be.a(\"string\");\n    expect(product.endDate).to.be.a(\"string\");\n    expect(product.endDate).to.match(_pattern.IOS8601);\n    expect(product.seller.id).to.be.a(\"string\");\n    expect(product.seller.username).to.be.a(\"string\");\n    for (let bid of product.bids) {\n      expect(bid.id).to.be.a(\"string\");\n      expect(bid.id).to.match(_pattern.UUIDv4);\n      expect(bid.price).to.be.a(\"number\");\n      expect(bid.date).to.be.a(\"string\");\n      expect(bid.date).to.match(_pattern.IOS8601);\n    }\n    const fixtureProduct = response.body.find(item => {\n      return item.id === \"a0f7c522-78f8-442e-a55d-642cfe566634\";\n    });\n    expect(fixtureProduct.id).to.be.eq(\"a0f7c522-78f8-442e-a55d-642cfe566634\");\n    expect(fixtureProduct.name).to.be.eq(\"Lot de casseroles\");\n    expect(fixtureProduct.description).to.be.eq(\"Ensemble de casseroles de qualité supérieure pour répondre à tous vos besoins culinaires.\");\n    expect(fixtureProduct.category).to.be.eq(\"Cuisine\");\n    expect(fixtureProduct.originalPrice).to.be.eq(40);\n    expect(fixtureProduct.pictureUrl).to.be.eq(\"https://image.noelshack.com/fichiers/2023/12/4/1679526253-65535-51812547429-fe1cc0d832-c-512-512-nofilter.jpg\");\n    expect(fixtureProduct.seller.id).to.be.eq(_tokens.aliceId);\n    expect(fixtureProduct.seller.username).to.be.eq(\"alice\");\n    expect(fixtureProduct.bids.some(bid => bid.price === 65)).to.be.true;\n  }\n});",
              "err": {},
              "uuid": "df936746-f12c-47c0-b287-894ba91aa5f6",
              "parentUUID": "5c95770d-07ca-4838-ae60-29eef9055cdf",
              "isHook": false,
              "skipped": false
            }
          ],
          "suites": [],
          "passes": [
            "df936746-f12c-47c0-b287-894ba91aa5f6"
          ],
          "failures": [],
          "pending": [],
          "skipped": [],
          "duration": 941,
          "root": false,
          "rootEmpty": false,
          "_timeout": 2000
        },
        {
          "uuid": "d7d22c08-71c2-4d45-821e-c81a795adb35",
          "title": "POST /api/products",
          "fullFile": "",
          "file": "",
          "beforeHooks": [],
          "afterHooks": [],
          "tests": [
            {
              "title": "returns 401 - not authorized",
              "fullTitle": "POST /api/products returns 401 - not authorized",
              "timedOut": null,
              "duration": 157,
              "state": "passed",
              "speed": "fast",
              "pass": true,
              "fail": false,
              "pending": false,
              "context": null,
              "code": "cy.request({\n  method: \"POST\",\n  url: \"http://localhost:3000/api/products\",\n  headers: {\n    Authorization: `Bearer BAD_TOKEN`\n  },\n  body: {\n    name: \"New Product\",\n    description: \"This is a new product\",\n    category: \"Electronics\",\n    originalPrice: 99,\n    pictureUrl: \"https://example.com/product.jpg\",\n    endDate: \"2023-04-01T00:00:00.000Z\"\n  },\n  failOnStatusCode: false\n}).its(\"status\").should(\"equal\", 401);",
              "err": {},
              "uuid": "5796d51c-26d3-41c6-b1c5-1eab6aedf814",
              "parentUUID": "d7d22c08-71c2-4d45-821e-c81a795adb35",
              "isHook": false,
              "skipped": false
            },
            {
              "title": "returns 201 - created",
              "fullTitle": "POST /api/products returns 201 - created",
              "timedOut": null,
              "duration": 142,
              "state": "passed",
              "speed": "fast",
              "pass": true,
              "fail": false,
              "pending": false,
              "context": null,
              "code": "// Create a new product\ncy.request({\n  method: \"POST\",\n  url: \"http://localhost:3000/api/products\",\n  headers: {\n    Authorization: `Bearer ${_tokens.aliceToken}`\n  },\n  body: {\n    name: \"New Product\",\n    description: \"This is a new product\",\n    category: \"Electronics\",\n    originalPrice: 99,\n    pictureUrl: \"https://example.com/product.jpg\",\n    endDate: \"2023-04-01T00:00:00.000Z\"\n  }\n}).then(response => {\n  // Assert that the response is as expected\n  expect(response.status).to.eq(201);\n  expect(response.body.id).to.be.match(_pattern.UUIDv4);\n  expect(response.body.name).to.eq(\"New Product\");\n  expect(response.body.description).to.eq(\"This is a new product\");\n  expect(response.body.category).to.eq(\"Electronics\");\n  expect(response.body.originalPrice).to.eq(99);\n  expect(response.body.pictureUrl).to.eq(\"https://example.com/product.jpg\");\n  expect(response.body.endDate).to.eq(\"2023-04-01T00:00:00.000Z\");\n  expect(response.body.sellerId).to.eq(_tokens.aliceId);\n});",
              "err": {},
              "uuid": "03e39f6b-4dd0-4761-bb65-efaa8a8ed39e",
              "parentUUID": "d7d22c08-71c2-4d45-821e-c81a795adb35",
              "isHook": false,
              "skipped": false
            },
            {
              "title": "returns 400 - missing or invalid fields",
              "fullTitle": "POST /api/products returns 400 - missing or invalid fields",
              "timedOut": null,
              "duration": 139,
              "state": "passed",
              "speed": "fast",
              "pass": true,
              "fail": false,
              "pending": false,
              "context": null,
              "code": "// Create a new product\ncy.request({\n  method: \"POST\",\n  url: \"http://localhost:3000/api/products\",\n  headers: {\n    Authorization: `Bearer ${_tokens.aliceToken}`\n  },\n  body: {\n    // Missing name: \"Machine à écrire\",\n    description: \"Machine à écrire vintage en parfait état de fonctionnement pour une expérience d'écriture unique et authentique.\",\n    pictureUrl: \"https://picsum.photos/id/403/512/512\",\n    category: \"High-Tech\",\n    originalPrice: 200,\n    endDate: \"2026-01-01T09:00:00Z\"\n  },\n  failOnStatusCode: false\n}).then(req => {\n  expect(req.status).to.be.eq(400);\n  expect(req.body.error).to.be.eq(\"Invalid or missing fields\");\n  expect(req.body.details).to.exist;\n});",
              "err": {},
              "uuid": "a6044526-7c3d-4fdf-ad08-7964e3a35254",
              "parentUUID": "d7d22c08-71c2-4d45-821e-c81a795adb35",
              "isHook": false,
              "skipped": false
            },
            {
              "title": "check mutation - object created in database",
              "fullTitle": "POST /api/products check mutation - object created in database",
              "timedOut": null,
              "duration": 159,
              "state": "passed",
              "speed": "fast",
              "pass": true,
              "fail": false,
              "pending": false,
              "context": null,
              "code": "// Create a new product\n(0, _orm.getProducts)().then(({\n  products: productsBeforeCreation\n}) => {\n  (0, _orm.createProduct)().then(({\n    product\n  }) => {\n    (0, _orm.getProducts)().then(({\n      products: productsAfterCreation\n    }) => {\n      const newProducts = productsAfterCreation.filter(product => productsBeforeCreation.every(existingProduct => existingProduct.id !== product.id));\n      expect(newProducts.length).to.be.eq(1);\n      const newProduct = newProducts[0];\n      expect(newProduct.id).to.be.match(_pattern.UUIDv4);\n      expect(newProduct.name).to.eq(name);\n      expect(newProduct.description).to.eq(product.description);\n      expect(newProduct.category).to.eq(product.category);\n      expect(newProduct.originalPrice).to.eq(product.originalPrice);\n      expect(newProduct.pictureUrl).to.eq(product.pictureUrl);\n      expect(newProduct.endDate).to.eq(product.endDate);\n      expect(newProduct.seller.id).to.eq(_tokens.aliceId);\n      expect(newProduct.seller.username).to.eq(\"alice\");\n    });\n  });\n});",
              "err": {},
              "uuid": "8e21290b-823f-4fde-960b-5e04bc53cf09",
              "parentUUID": "d7d22c08-71c2-4d45-821e-c81a795adb35",
              "isHook": false,
              "skipped": false
            }
          ],
          "suites": [],
          "passes": [
            "5796d51c-26d3-41c6-b1c5-1eab6aedf814",
            "03e39f6b-4dd0-4761-bb65-efaa8a8ed39e",
            "a6044526-7c3d-4fdf-ad08-7964e3a35254",
            "8e21290b-823f-4fde-960b-5e04bc53cf09"
          ],
          "failures": [],
          "pending": [],
          "skipped": [],
          "duration": 597,
          "root": false,
          "rootEmpty": false,
          "_timeout": 2000
        },
        {
          "uuid": "54dc1ce2-5279-4504-8732-62cc04bb7b38",
          "title": "GET /api/products/:productId",
          "fullFile": "",
          "file": "",
          "beforeHooks": [],
          "afterHooks": [],
          "tests": [
            {
              "title": "returns 404 - not found",
              "fullTitle": "GET /api/products/:productId returns 404 - not found",
              "timedOut": null,
              "duration": 137,
              "state": "passed",
              "speed": "fast",
              "pass": true,
              "fail": false,
              "pending": false,
              "context": null,
              "code": "cy.request({\n  url: \"http://localhost:3000/api/products/not-existing-id\",\n  failOnStatusCode: false\n}).its(\"status\").should(\"equal\", 404);",
              "err": {},
              "uuid": "c27d75ae-7347-414e-9f2f-4eee6b17a8a6",
              "parentUUID": "54dc1ce2-5279-4504-8732-62cc04bb7b38",
              "isHook": false,
              "skipped": false
            },
            {
              "title": "returns 200 - success",
              "fullTitle": "GET /api/products/:productId returns 200 - success",
              "timedOut": null,
              "duration": 135,
              "state": "passed",
              "speed": "fast",
              "pass": true,
              "fail": false,
              "pending": false,
              "context": null,
              "code": "cy.request(endpoint).then(response => {\n  expect(response.status).to.be.eq(200);\n  expect(response.headers[\"content-type\"]).to.includes(\"application/json\");\n  const product = response.body;\n  expect(product.id).to.be.eq(\"a0f7c522-78f8-442e-a55d-642cfe566634\");\n  expect(product.name).to.be.eq(\"Lot de casseroles\");\n  expect(product.description).to.be.eq(\"Ensemble de casseroles de qualité supérieure pour répondre à tous vos besoins culinaires.\");\n  expect(product.category).to.be.eq(\"Cuisine\");\n  expect(product.originalPrice).to.be.eq(40);\n  expect(product.pictureUrl).to.be.eq(\"https://image.noelshack.com/fichiers/2023/12/4/1679526253-65535-51812547429-fe1cc0d832-c-512-512-nofilter.jpg\");\n  expect(product.seller.id).to.be.eq(_tokens.aliceId);\n  expect(product.seller.username).to.be.eq(\"alice\");\n  const bid = response.body.bids.find(bid => bid.price === 65);\n  expect(bid.id).to.be.eq(\"8ccc6e79-f3c9-43e9-b47e-5be7b84d8de7\");\n  expect(bid.bidder.id).to.be.eq(_tokens.charlyId);\n  expect(bid.bidder.username).to.be.eq(\"charly\");\n});",
              "err": {},
              "uuid": "540c96cf-5d21-408e-97eb-fd252512d513",
              "parentUUID": "54dc1ce2-5279-4504-8732-62cc04bb7b38",
              "isHook": false,
              "skipped": false
            }
          ],
          "suites": [],
          "passes": [
            "c27d75ae-7347-414e-9f2f-4eee6b17a8a6",
            "540c96cf-5d21-408e-97eb-fd252512d513"
          ],
          "failures": [],
          "pending": [],
          "skipped": [],
          "duration": 272,
          "root": false,
          "rootEmpty": false,
          "_timeout": 2000
        },
        {
          "uuid": "9755cdef-359a-417c-9a36-a75b18e4b400",
          "title": "PUT /api/products/:productId",
          "fullFile": "",
          "file": "",
          "beforeHooks": [],
          "afterHooks": [],
          "tests": [
            {
              "title": "returns 401 - not authorized",
              "fullTitle": "PUT /api/products/:productId returns 401 - not authorized",
              "timedOut": null,
              "duration": 151,
              "state": "passed",
              "speed": "fast",
              "pass": true,
              "fail": false,
              "pending": false,
              "context": null,
              "code": "cy.request({\n  method: \"PUT\",\n  url: endpoint,\n  headers: {\n    Authorization: `Bearer BAD_TOKEN`\n  },\n  body: {\n    name: \"Machine à écrire\",\n    description: \"Machine à écrire vintage en parfait état de fonctionnement pour une expérience d'écriture unique et authentique.\",\n    pictureUrl: \"https://picsum.photos/id/403/512/512\",\n    category: \"High-Tech\",\n    originalPrice: 200,\n    endDate: \"2026-01-01T09:00:00Z\"\n  },\n  failOnStatusCode: false\n}).its(\"status\").should(\"equal\", 401);",
              "err": {},
              "uuid": "50d3b6b9-78c8-47d9-ba8e-51b1970028a5",
              "parentUUID": "9755cdef-359a-417c-9a36-a75b18e4b400",
              "isHook": false,
              "skipped": false
            },
            {
              "title": "returns 200 - success, when owner edit",
              "fullTitle": "PUT /api/products/:productId returns 200 - success, when owner edit",
              "timedOut": null,
              "duration": 152,
              "state": "passed",
              "speed": "fast",
              "pass": true,
              "fail": false,
              "pending": false,
              "context": null,
              "code": "cy.request({\n  url: endpoint,\n  method: \"PUT\",\n  headers: {\n    Authorization: `Bearer ${_tokens.aliceToken}`\n  },\n  body: {\n    name: \"Machine à écrire\",\n    description: \"Machine à écrire vintage en parfait état de fonctionnement pour une expérience d'écriture unique et authentique.\",\n    pictureUrl: \"https://picsum.photos/id/403/512/512\",\n    category: \"High-Tech\",\n    originalPrice: 200,\n    endDate: \"2026-01-01T09:00:00Z\"\n  }\n}).its(\"status\").should(\"equal\", 200);",
              "err": {},
              "uuid": "f7da0da8-9dd8-4140-ba5c-c1e29f640b4e",
              "parentUUID": "9755cdef-359a-417c-9a36-a75b18e4b400",
              "isHook": false,
              "skipped": false
            },
            {
              "title": "returns 403 - forbidden, when non owner edit",
              "fullTitle": "PUT /api/products/:productId returns 403 - forbidden, when non owner edit",
              "timedOut": null,
              "duration": 108,
              "state": "passed",
              "speed": "fast",
              "pass": true,
              "fail": false,
              "pending": false,
              "context": null,
              "code": "cy.request({\n  url: endpoint,\n  method: \"PUT\",\n  headers: {\n    Authorization: `Bearer ${_tokens.bobToken}`\n  },\n  body: {\n    name: \"Machine à écrire\",\n    description: \"Machine à écrire vintage en parfait état de fonctionnement pour une expérience d'écriture unique et authentique.\",\n    pictureUrl: \"https://picsum.photos/id/403/512/512\",\n    category: \"High-Tech\",\n    originalPrice: 200,\n    endDate: \"2026-01-01T09:00:00Z\"\n  },\n  failOnStatusCode: false\n}).its(\"status\").should(\"equal\", 403);",
              "err": {},
              "uuid": "3e361088-f7b1-4c21-a4da-baf7563b9d5e",
              "parentUUID": "9755cdef-359a-417c-9a36-a75b18e4b400",
              "isHook": false,
              "skipped": false
            },
            {
              "title": "returns 200 - success, when admin edit",
              "fullTitle": "PUT /api/products/:productId returns 200 - success, when admin edit",
              "timedOut": null,
              "duration": 157,
              "state": "passed",
              "speed": "fast",
              "pass": true,
              "fail": false,
              "pending": false,
              "context": null,
              "code": "cy.request({\n  url: endpoint,\n  method: \"PUT\",\n  headers: {\n    Authorization: `Bearer ${_tokens.adminToken}`\n  },\n  body: {\n    name: \"Machine à écrire\",\n    description: \"Machine à écrire vintage en parfait état de fonctionnement pour une expérience d'écriture unique et authentique.\",\n    pictureUrl: \"https://picsum.photos/id/403/512/512\",\n    category: \"High-Tech\",\n    originalPrice: 200,\n    endDate: \"2026-01-01T09:00:00Z\"\n  }\n}).its(\"status\").should(\"equal\", 200);",
              "err": {},
              "uuid": "830e546c-e03b-4627-ae29-7690fa48f800",
              "parentUUID": "9755cdef-359a-417c-9a36-a75b18e4b400",
              "isHook": false,
              "skipped": false
            },
            {
              "title": "returns 404 - not found",
              "fullTitle": "PUT /api/products/:productId returns 404 - not found",
              "timedOut": null,
              "duration": 112,
              "state": "passed",
              "speed": "fast",
              "pass": true,
              "fail": false,
              "pending": false,
              "context": null,
              "code": "cy.request({\n  url: \"http://localhost:3000/api/products/not-existing-id\",\n  method: \"PUT\",\n  headers: {\n    Authorization: `Bearer ${_tokens.aliceToken}`\n  },\n  body: {\n    name: \"Machine à écrire\",\n    description: \"Machine à écrire vintage en parfait état de fonctionnement pour une expérience d'écriture unique et authentique.\",\n    pictureUrl: \"https://picsum.photos/id/403/512/512\",\n    category: \"High-Tech\",\n    originalPrice: 200,\n    endDate: \"2026-01-01T09:00:00Z\"\n  },\n  failOnStatusCode: false\n}).its(\"status\").should(\"equal\", 404);",
              "err": {},
              "uuid": "8733c827-8cd7-43e8-b19e-dbc87bd921a3",
              "parentUUID": "9755cdef-359a-417c-9a36-a75b18e4b400",
              "isHook": false,
              "skipped": false
            },
            {
              "title": "check mutation - object updated in database",
              "fullTitle": "PUT /api/products/:productId check mutation - object updated in database",
              "timedOut": null,
              "duration": 148,
              "state": "passed",
              "speed": "fast",
              "pass": true,
              "fail": false,
              "pending": false,
              "context": null,
              "code": "const newProductData = (0, _orm.buildProduct)();\ncy.request({\n  url: endpoint,\n  method: \"PUT\",\n  headers: {\n    Authorization: `Bearer ${_tokens.aliceToken}`\n  },\n  body: {\n    name: newProductData.name,\n    description: newProductData.description,\n    pictureUrl: newProductData.pictureUrl,\n    category: newProductData.category,\n    originalPrice: newProductData.originalPrice,\n    endDate: newProductData.endDate.toISOString()\n  }\n}).then(() => {\n  cy.request(endpoint).then(response => {\n    const product = response.body;\n    expect(response.status).to.be.eq(200);\n    expect(product.id).to.be.eq(\"a0f7c522-78f8-442e-a55d-642cfe566634\");\n    expect(product.name).to.be.eq(newProductData.name);\n    expect(product.description).to.be.eq(newProductData.description);\n    expect(product.category).to.be.eq(newProductData.category);\n    expect(product.originalPrice).to.be.eq(newProductData.originalPrice);\n    expect(product.pictureUrl).to.be.eq(newProductData.pictureUrl);\n    expect(product.endDate).to.be.eq(newProductData.endDate.toISOString());\n    expect(product.seller.id).to.be.eq(_tokens.aliceId);\n    expect(product.seller.username).to.be.eq(\"alice\");\n  });\n});",
              "err": {},
              "uuid": "b59cb0de-2313-4ac3-8c93-2001f4dcad67",
              "parentUUID": "9755cdef-359a-417c-9a36-a75b18e4b400",
              "isHook": false,
              "skipped": false
            }
          ],
          "suites": [],
          "passes": [
            "50d3b6b9-78c8-47d9-ba8e-51b1970028a5",
            "f7da0da8-9dd8-4140-ba5c-c1e29f640b4e",
            "3e361088-f7b1-4c21-a4da-baf7563b9d5e",
            "830e546c-e03b-4627-ae29-7690fa48f800",
            "8733c827-8cd7-43e8-b19e-dbc87bd921a3",
            "b59cb0de-2313-4ac3-8c93-2001f4dcad67"
          ],
          "failures": [],
          "pending": [],
          "skipped": [],
          "duration": 828,
          "root": false,
          "rootEmpty": false,
          "_timeout": 2000
        },
        {
          "uuid": "6dc2ad1c-2857-49b6-80c8-105368710c6b",
          "title": "DELETE /api/products/:productId",
          "fullFile": "",
          "file": "",
          "beforeHooks": [],
          "afterHooks": [],
          "tests": [
            {
              "title": "returns 401 - not authorized",
              "fullTitle": "DELETE /api/products/:productId returns 401 - not authorized",
              "timedOut": null,
              "duration": 101,
              "state": "passed",
              "speed": "fast",
              "pass": true,
              "fail": false,
              "pending": false,
              "context": null,
              "code": "cy.request({\n  method: \"DELETE\",\n  url: endpoint,\n  headers: {\n    Authorization: `Bearer BAD_TOKEN`\n  },\n  failOnStatusCode: false\n}).its(\"status\").should(\"equal\", 401);",
              "err": {},
              "uuid": "85d946c1-6a34-479a-a3a2-d582e94d4285",
              "parentUUID": "6dc2ad1c-2857-49b6-80c8-105368710c6b",
              "isHook": false,
              "skipped": false
            },
            {
              "title": "returns 204 - success, when owner edit",
              "fullTitle": "DELETE /api/products/:productId returns 204 - success, when owner edit",
              "timedOut": null,
              "duration": 130,
              "state": "passed",
              "speed": "fast",
              "pass": true,
              "fail": false,
              "pending": false,
              "context": null,
              "code": "cy.request({\n  url: endpoint,\n  method: \"DELETE\",\n  headers: {\n    Authorization: `Bearer ${_tokens.aliceToken}`\n  }\n}).its(\"status\").should(\"equal\", 204);",
              "err": {},
              "uuid": "bc2b6080-5508-4d5a-b005-7922e34d852a",
              "parentUUID": "6dc2ad1c-2857-49b6-80c8-105368710c6b",
              "isHook": false,
              "skipped": false
            },
            {
              "title": "returns 403 - forbidden, when non owner edit",
              "fullTitle": "DELETE /api/products/:productId returns 403 - forbidden, when non owner edit",
              "timedOut": null,
              "duration": 149,
              "state": "passed",
              "speed": "fast",
              "pass": true,
              "fail": false,
              "pending": false,
              "context": null,
              "code": "cy.request({\n  url: endpoint,\n  method: \"DELETE\",\n  headers: {\n    Authorization: `Bearer ${_tokens.bobToken}`\n  },\n  failOnStatusCode: false\n}).its(\"status\").should(\"equal\", 403);",
              "err": {},
              "uuid": "e7da0809-221e-46f1-8bda-5f4a6ae1bdc2",
              "parentUUID": "6dc2ad1c-2857-49b6-80c8-105368710c6b",
              "isHook": false,
              "skipped": false
            },
            {
              "title": "returns 204 - success, when admin edit",
              "fullTitle": "DELETE /api/products/:productId returns 204 - success, when admin edit",
              "timedOut": null,
              "duration": 139,
              "state": "passed",
              "speed": "fast",
              "pass": true,
              "fail": false,
              "pending": false,
              "context": null,
              "code": "cy.request({\n  url: endpoint,\n  method: \"DELETE\",\n  headers: {\n    Authorization: `Bearer ${_tokens.adminToken}`\n  }\n}).its(\"status\").should(\"equal\", 204);",
              "err": {},
              "uuid": "0cd5695f-f435-46a5-b40d-0eb534f99202",
              "parentUUID": "6dc2ad1c-2857-49b6-80c8-105368710c6b",
              "isHook": false,
              "skipped": false
            },
            {
              "title": "returns 404 - not found",
              "fullTitle": "DELETE /api/products/:productId returns 404 - not found",
              "timedOut": null,
              "duration": 135,
              "state": "passed",
              "speed": "fast",
              "pass": true,
              "fail": false,
              "pending": false,
              "context": null,
              "code": "cy.request({\n  url: \"http://localhost:3000/api/products/not-existing-id\",\n  method: \"DELETE\",\n  headers: {\n    Authorization: `Bearer ${_tokens.aliceToken}`\n  },\n  failOnStatusCode: false\n}).its(\"status\").should(\"equal\", 404);",
              "err": {},
              "uuid": "4e6b66ed-5201-4b21-ae23-f6afa9e0df64",
              "parentUUID": "6dc2ad1c-2857-49b6-80c8-105368710c6b",
              "isHook": false,
              "skipped": false
            },
            {
              "title": "check mutation - object deleted in database",
              "fullTitle": "DELETE /api/products/:productId check mutation - object deleted in database",
              "timedOut": null,
              "duration": 126,
              "state": "passed",
              "speed": "fast",
              "pass": true,
              "fail": false,
              "pending": false,
              "context": null,
              "code": "cy.request({\n  url: endpoint,\n  method: \"GET\",\n  headers: {\n    Authorization: `Bearer ${_tokens.aliceToken}`\n  }\n}).then(response => {\n  expect(response.status).to.be.eq(200);\n  cy.request({\n    url: endpoint,\n    method: \"DELETE\",\n    headers: {\n      Authorization: `Bearer ${_tokens.aliceToken}`\n    }\n  }).then(response => {\n    expect(response.status).to.be.eq(204);\n    cy.request({\n      url: endpoint,\n      method: \"GET\",\n      headers: {\n        Authorization: `Bearer ${_tokens.aliceToken}`\n      },\n      failOnStatusCode: false\n    }).then(response => {\n      expect(response.status).to.be.eq(404);\n    });\n  });\n});",
              "err": {},
              "uuid": "1a8f87c9-2864-4bc0-880c-b1865a557be3",
              "parentUUID": "6dc2ad1c-2857-49b6-80c8-105368710c6b",
              "isHook": false,
              "skipped": false
            }
          ],
          "suites": [],
          "passes": [
            "85d946c1-6a34-479a-a3a2-d582e94d4285",
            "bc2b6080-5508-4d5a-b005-7922e34d852a",
            "e7da0809-221e-46f1-8bda-5f4a6ae1bdc2",
            "0cd5695f-f435-46a5-b40d-0eb534f99202",
            "4e6b66ed-5201-4b21-ae23-f6afa9e0df64",
            "1a8f87c9-2864-4bc0-880c-b1865a557be3"
          ],
          "failures": [],
          "pending": [],
          "skipped": [],
          "duration": 780,
          "root": false,
          "rootEmpty": false,
          "_timeout": 2000
        },
        {
          "uuid": "10f8b5d5-6c17-444e-9522-d7f4cdc85a70",
          "title": "POST /api/products/:productId/bids",
          "fullFile": "",
          "file": "",
          "beforeHooks": [],
          "afterHooks": [],
          "tests": [
            {
              "title": "returns 401 - not authorized",
              "fullTitle": "POST /api/products/:productId/bids returns 401 - not authorized",
              "timedOut": null,
              "duration": 4342,
              "state": "failed",
              "speed": null,
              "pass": false,
              "fail": true,
              "pending": false,
              "context": null,
              "code": "cy.request({\n  method: \"POST\",\n  url: \"http://localhost:3000/api/products/a0f7c522-78f8-442e-a55d-642cfe566634/bids\",\n  headers: {\n    Authorization: `Bearer BAD_TOKEN`\n  },\n  body: {\n    name: \"New Product\",\n    description: \"This is a new product\",\n    category: \"Electronics\",\n    originalPrice: 99,\n    pictureUrl: \"https://example.com/product.jpg\",\n    endDate: \"2023-04-01T00:00:00.000Z\"\n  },\n  failOnStatusCode: false\n}).its(\"status\").should(\"equal\", 401);",
              "err": {
                "message": "AssertionError: Timed out retrying after 4000ms: expected 600 to equal 401",
                "estack": "AssertionError: Timed out retrying after 4000ms: expected 600 to equal 401\n    at Context.eval (webpack://frontend/./cypress/e2e/backend/endpoints.cy.js:490:7)",
                "diff": "- 600\n+ 401\n"
              },
              "uuid": "b1a6a1c0-eb41-40f1-923a-41eb16b4e81a",
              "parentUUID": "10f8b5d5-6c17-444e-9522-d7f4cdc85a70",
              "isHook": false,
              "skipped": false
            },
            {
              "title": "returns 201 - created",
              "fullTitle": "POST /api/products/:productId/bids returns 201 - created",
              "timedOut": null,
              "duration": 260,
              "state": "failed",
              "speed": null,
              "pass": false,
              "fail": true,
              "pending": false,
              "context": null,
              "code": "// Create a new product\ncy.request({\n  method: \"POST\",\n  url: \"http://localhost:3000/api/products/a0f7c522-78f8-442e-a55d-642cfe566634/bids\",\n  headers: {\n    Authorization: `Bearer ${_tokens.aliceToken}`\n  },\n  body: {\n    price: 42\n  }\n}).then(response => {\n  // Assert that the response is as expected\n  expect(response.status).to.eq(201);\n  expect(response.body.id).to.be.match(_pattern.UUIDv4);\n  expect(response.body.productId).to.be.match(_pattern.UUIDv4);\n  expect(response.body.price).to.be.a(\"number\");\n  expect(response.body.date).to.match(_pattern.IOS8601);\n  expect(response.body.bidderId).to.match(_pattern.UUIDv4);\n});",
              "err": {
                "message": "CypressError: `cy.request()` failed on:\n\nhttp://localhost:3000/api/products/a0f7c522-78f8-442e-a55d-642cfe566634/bids\n\nThe response we received from your web server was:\n\n  > 600: Unknown Status Code\n\nThis was considered a failure because the status code was not `2xx` or `3xx`.\n\nIf you do not want status codes to cause failures pass the option: `failOnStatusCode: false`\n\n-----------------------------------------------------------\n\nThe request we sent was:\n\nMethod: POST\nURL: http://localhost:3000/api/products/a0f7c522-78f8-442e-a55d-642cfe566634/bids\nHeaders: {\n  \"Connection\": \"keep-alive\",\n  \"Authorization\": \"Bearer eyJhbGciOiJIUzI1NiIsInR5cCI6IkpXVCJ9.eyJpZCI6IjFmMmZhZGIxLTBkN2UtNDdhNy05ZDViLWVkMDMxZDY2NWQzZSIsInVzZXJuYW1lIjoiYWxpY2UiLCJlbWFpbCI6ImFsaWNlQGV4YW1wbGUuY29tIiwiYWRtaW4iOmZhbHNlLCJpYXQiOjE2Nzk2MTMwMzh9.KcT42jbNXfNR-0I-bTc_qNdAuCid640tXpkzUtDCoao\",\n  \"user-agent\": \"Mozilla/5.0 (Windows NT 10.0; Win64; x64) AppleWebKit/537.36 (KHTML, like Gecko) HeadlessChrome/123.0.0.0 Safari/537.36\",\n  \"accept\": \"*/*\",\n  \"accept-encoding\": \"gzip, deflate\",\n  \"content-type\": \"application/json\",\n  \"content-length\": 12\n}\nBody: {\"price\":42}\n\n-----------------------------------------------------------\n\nThe response we got was:\n\nStatus: 600 - Unknown Status Code\nHeaders: {\n  \"x-powered-by\": \"Express\",\n  \"access-control-allow-origin\": \"*\",\n  \"date\": \"Mon, 08 Apr 2024 12:24:54 GMT\",\n  \"connection\": \"keep-alive\",\n  \"keep-alive\": \"timeout=5\",\n  \"content-length\": \"0\"\n}\n\n\nhttps://on.cypress.io/request",
                "estack": "CypressError: `cy.request()` failed on:\n\nhttp://localhost:3000/api/products/a0f7c522-78f8-442e-a55d-642cfe566634/bids\n\nThe response we received from your web server was:\n\n  > 600: Unknown Status Code\n\nThis was considered a failure because the status code was not `2xx` or `3xx`.\n\nIf you do not want status codes to cause failures pass the option: `failOnStatusCode: false`\n\n-----------------------------------------------------------\n\nThe request we sent was:\n\nMethod: POST\nURL: http://localhost:3000/api/products/a0f7c522-78f8-442e-a55d-642cfe566634/bids\nHeaders: {\n  \"Connection\": \"keep-alive\",\n  \"Authorization\": \"Bearer eyJhbGciOiJIUzI1NiIsInR5cCI6IkpXVCJ9.eyJpZCI6IjFmMmZhZGIxLTBkN2UtNDdhNy05ZDViLWVkMDMxZDY2NWQzZSIsInVzZXJuYW1lIjoiYWxpY2UiLCJlbWFpbCI6ImFsaWNlQGV4YW1wbGUuY29tIiwiYWRtaW4iOmZhbHNlLCJpYXQiOjE2Nzk2MTMwMzh9.KcT42jbNXfNR-0I-bTc_qNdAuCid640tXpkzUtDCoao\",\n  \"user-agent\": \"Mozilla/5.0 (Windows NT 10.0; Win64; x64) AppleWebKit/537.36 (KHTML, like Gecko) HeadlessChrome/123.0.0.0 Safari/537.36\",\n  \"accept\": \"*/*\",\n  \"accept-encoding\": \"gzip, deflate\",\n  \"content-type\": \"application/json\",\n  \"content-length\": 12\n}\nBody: {\"price\":42}\n\n-----------------------------------------------------------\n\nThe response we got was:\n\nStatus: 600 - Unknown Status Code\nHeaders: {\n  \"x-powered-by\": \"Express\",\n  \"access-control-allow-origin\": \"*\",\n  \"date\": \"Mon, 08 Apr 2024 12:24:54 GMT\",\n  \"connection\": \"keep-alive\",\n  \"keep-alive\": \"timeout=5\",\n  \"content-length\": \"0\"\n}\n\n\nhttps://on.cypress.io/request\n    at <unknown> (http://localhost:62416/__cypress/runner/cypress_runner.js:133123:72)\n    at tryCatcher (http://localhost:62416/__cypress/runner/cypress_runner.js:1807:23)\n    at Promise._settlePromiseFromHandler (http://localhost:62416/__cypress/runner/cypress_runner.js:1519:31)\n    at Promise._settlePromise (http://localhost:62416/__cypress/runner/cypress_runner.js:1576:18)\n    at Promise._settlePromise0 (http://localhost:62416/__cypress/runner/cypress_runner.js:1621:10)\n    at Promise._settlePromises (http://localhost:62416/__cypress/runner/cypress_runner.js:1701:18)\n    at _drainQueueStep (http://localhost:62416/__cypress/runner/cypress_runner.js:2407:12)\n    at _drainQueue (http://localhost:62416/__cypress/runner/cypress_runner.js:2400:9)\n    at Async._drainQueues (http://localhost:62416/__cypress/runner/cypress_runner.js:2416:5)\n    at Async.drainQueues (http://localhost:62416/__cypress/runner/cypress_runner.js:2286:14)\nFrom Your Spec Code:\n    at Context.eval (webpack://frontend/./cypress/e2e/backend/endpoints.cy.js:495:7)",
                "diff": null
              },
              "uuid": "a8326ea6-dd32-4451-9ed2-7dba31bec9f5",
              "parentUUID": "10f8b5d5-6c17-444e-9522-d7f4cdc85a70",
              "isHook": false,
              "skipped": false
            },
            {
              "title": "returns 400 - missing or invalid fields",
              "fullTitle": "POST /api/products/:productId/bids returns 400 - missing or invalid fields",
              "timedOut": null,
              "duration": 239,
              "state": "failed",
              "speed": null,
              "pass": false,
              "fail": true,
              "pending": false,
              "context": null,
              "code": "// Create a new product\ncy.request({\n  method: \"POST\",\n  url: \"http://localhost:3000/api/products/a0f7c522-78f8-442e-a55d-642cfe566634/bids\",\n  headers: {\n    Authorization: `Bearer ${_tokens.aliceToken}`\n  },\n  body: {\n    // price: 42, missing\n  },\n  failOnStatusCode: false\n}).then(req => {\n  expect(req.status).to.be.eq(400);\n  expect(req.body.error).to.be.eq(\"Invalid or missing fields\");\n  expect(req.body.details).to.exist;\n});",
              "err": {
                "message": "AssertionError: expected 600 to equal 400",
                "estack": "AssertionError: expected 600 to equal 400\n    at Context.eval (webpack://frontend/./cypress/e2e/backend/endpoints.cy.js:529:31)",
                "diff": "- 600\n+ 400\n"
              },
              "uuid": "97165401-7185-4c62-93d4-028e2cd144a4",
              "parentUUID": "10f8b5d5-6c17-444e-9522-d7f4cdc85a70",
              "isHook": false,
              "skipped": false
            },
            {
              "title": "check mutation - object created in database",
              "fullTitle": "POST /api/products/:productId/bids check mutation - object created in database",
              "timedOut": null,
              "duration": 284,
              "state": "failed",
              "speed": null,
              "pass": false,
              "fail": true,
              "pending": false,
              "context": null,
              "code": "cy.request({\n  method: \"POST\",\n  url: \"http://localhost:3000/api/products/a0f7c522-78f8-442e-a55d-642cfe566634/bids\",\n  headers: {\n    Authorization: `Bearer ${_tokens.aliceToken}`\n  },\n  body: {\n    price: 42\n  }\n}).then(response => {\n  expect(response.status).to.be.eq(201);\n  const newBid = response.body;\n  cy.request(\"http://localhost:3000/api/products/a0f7c522-78f8-442e-a55d-642cfe566634\").then(response => {\n    const product = response.body;\n    expect(product.bids.some(bid => bid.id === newBid.id)).to.be.true;\n  });\n});",
              "err": {
                "message": "CypressError: `cy.request()` failed on:\n\nhttp://localhost:3000/api/products/a0f7c522-78f8-442e-a55d-642cfe566634/bids\n\nThe response we received from your web server was:\n\n  > 600: Unknown Status Code\n\nThis was considered a failure because the status code was not `2xx` or `3xx`.\n\nIf you do not want status codes to cause failures pass the option: `failOnStatusCode: false`\n\n-----------------------------------------------------------\n\nThe request we sent was:\n\nMethod: POST\nURL: http://localhost:3000/api/products/a0f7c522-78f8-442e-a55d-642cfe566634/bids\nHeaders: {\n  \"Connection\": \"keep-alive\",\n  \"Authorization\": \"Bearer eyJhbGciOiJIUzI1NiIsInR5cCI6IkpXVCJ9.eyJpZCI6IjFmMmZhZGIxLTBkN2UtNDdhNy05ZDViLWVkMDMxZDY2NWQzZSIsInVzZXJuYW1lIjoiYWxpY2UiLCJlbWFpbCI6ImFsaWNlQGV4YW1wbGUuY29tIiwiYWRtaW4iOmZhbHNlLCJpYXQiOjE2Nzk2MTMwMzh9.KcT42jbNXfNR-0I-bTc_qNdAuCid640tXpkzUtDCoao\",\n  \"user-agent\": \"Mozilla/5.0 (Windows NT 10.0; Win64; x64) AppleWebKit/537.36 (KHTML, like Gecko) HeadlessChrome/123.0.0.0 Safari/537.36\",\n  \"accept\": \"*/*\",\n  \"accept-encoding\": \"gzip, deflate\",\n  \"content-type\": \"application/json\",\n  \"content-length\": 12\n}\nBody: {\"price\":42}\n\n-----------------------------------------------------------\n\nThe response we got was:\n\nStatus: 600 - Unknown Status Code\nHeaders: {\n  \"x-powered-by\": \"Express\",\n  \"access-control-allow-origin\": \"*\",\n  \"date\": \"Mon, 08 Apr 2024 12:24:55 GMT\",\n  \"connection\": \"keep-alive\",\n  \"keep-alive\": \"timeout=5\",\n  \"content-length\": \"0\"\n}\n\n\nhttps://on.cypress.io/request",
                "estack": "CypressError: `cy.request()` failed on:\n\nhttp://localhost:3000/api/products/a0f7c522-78f8-442e-a55d-642cfe566634/bids\n\nThe response we received from your web server was:\n\n  > 600: Unknown Status Code\n\nThis was considered a failure because the status code was not `2xx` or `3xx`.\n\nIf you do not want status codes to cause failures pass the option: `failOnStatusCode: false`\n\n-----------------------------------------------------------\n\nThe request we sent was:\n\nMethod: POST\nURL: http://localhost:3000/api/products/a0f7c522-78f8-442e-a55d-642cfe566634/bids\nHeaders: {\n  \"Connection\": \"keep-alive\",\n  \"Authorization\": \"Bearer eyJhbGciOiJIUzI1NiIsInR5cCI6IkpXVCJ9.eyJpZCI6IjFmMmZhZGIxLTBkN2UtNDdhNy05ZDViLWVkMDMxZDY2NWQzZSIsInVzZXJuYW1lIjoiYWxpY2UiLCJlbWFpbCI6ImFsaWNlQGV4YW1wbGUuY29tIiwiYWRtaW4iOmZhbHNlLCJpYXQiOjE2Nzk2MTMwMzh9.KcT42jbNXfNR-0I-bTc_qNdAuCid640tXpkzUtDCoao\",\n  \"user-agent\": \"Mozilla/5.0 (Windows NT 10.0; Win64; x64) AppleWebKit/537.36 (KHTML, like Gecko) HeadlessChrome/123.0.0.0 Safari/537.36\",\n  \"accept\": \"*/*\",\n  \"accept-encoding\": \"gzip, deflate\",\n  \"content-type\": \"application/json\",\n  \"content-length\": 12\n}\nBody: {\"price\":42}\n\n-----------------------------------------------------------\n\nThe response we got was:\n\nStatus: 600 - Unknown Status Code\nHeaders: {\n  \"x-powered-by\": \"Express\",\n  \"access-control-allow-origin\": \"*\",\n  \"date\": \"Mon, 08 Apr 2024 12:24:55 GMT\",\n  \"connection\": \"keep-alive\",\n  \"keep-alive\": \"timeout=5\",\n  \"content-length\": \"0\"\n}\n\n\nhttps://on.cypress.io/request\n    at <unknown> (http://localhost:62416/__cypress/runner/cypress_runner.js:133123:72)\n    at tryCatcher (http://localhost:62416/__cypress/runner/cypress_runner.js:1807:23)\n    at Promise._settlePromiseFromHandler (http://localhost:62416/__cypress/runner/cypress_runner.js:1519:31)\n    at Promise._settlePromise (http://localhost:62416/__cypress/runner/cypress_runner.js:1576:18)\n    at Promise._settlePromise0 (http://localhost:62416/__cypress/runner/cypress_runner.js:1621:10)\n    at Promise._settlePromises (http://localhost:62416/__cypress/runner/cypress_runner.js:1701:18)\n    at _drainQueueStep (http://localhost:62416/__cypress/runner/cypress_runner.js:2407:12)\n    at _drainQueue (http://localhost:62416/__cypress/runner/cypress_runner.js:2400:9)\n    at Async._drainQueues (http://localhost:62416/__cypress/runner/cypress_runner.js:2416:5)\n    at Async.drainQueues (http://localhost:62416/__cypress/runner/cypress_runner.js:2286:14)\nFrom Your Spec Code:\n    at Context.eval (webpack://frontend/./cypress/e2e/backend/endpoints.cy.js:536:7)",
                "diff": null
              },
              "uuid": "9426eee0-8321-44ef-84d7-9113dc2ada74",
              "parentUUID": "10f8b5d5-6c17-444e-9522-d7f4cdc85a70",
              "isHook": false,
              "skipped": false
            }
          ],
          "suites": [],
          "passes": [],
          "failures": [
            "b1a6a1c0-eb41-40f1-923a-41eb16b4e81a",
            "a8326ea6-dd32-4451-9ed2-7dba31bec9f5",
            "97165401-7185-4c62-93d4-028e2cd144a4",
            "9426eee0-8321-44ef-84d7-9113dc2ada74"
          ],
          "pending": [],
          "skipped": [],
          "duration": 5125,
          "root": false,
          "rootEmpty": false,
          "_timeout": 2000
        },
        {
          "uuid": "eaf864d7-7c97-4b5e-b082-f3ac5c47b87e",
          "title": "DELETE /bids/:bidId",
          "fullFile": "",
          "file": "",
          "beforeHooks": [],
          "afterHooks": [],
          "tests": [
            {
              "title": "returns 401 - not authorized",
              "fullTitle": "DELETE /bids/:bidId returns 401 - not authorized",
              "timedOut": null,
              "duration": 4227,
              "state": "failed",
              "speed": null,
              "pass": false,
              "fail": true,
              "pending": false,
              "context": null,
              "code": "cy.request({\n  method: \"DELETE\",\n  url: endpoint,\n  headers: {\n    Authorization: `Bearer BAD_TOKEN`\n  },\n  failOnStatusCode: false\n}).its(\"status\").should(\"equal\", 401);",
              "err": {
                "message": "AssertionError: Timed out retrying after 4000ms: expected 600 to equal 401",
                "estack": "AssertionError: Timed out retrying after 4000ms: expected 600 to equal 401\n    at Context.eval (webpack://frontend/./cypress/e2e/backend/endpoints.cy.js:575:7)",
                "diff": "- 600\n+ 401\n"
              },
              "uuid": "d70d36f3-ca63-4e7f-ad0c-0018d1bf6fbf",
              "parentUUID": "eaf864d7-7c97-4b5e-b082-f3ac5c47b87e",
              "isHook": false,
              "skipped": false
            },
            {
              "title": "returns 204 - success, when owner edit",
              "fullTitle": "DELETE /bids/:bidId returns 204 - success, when owner edit",
              "timedOut": null,
              "duration": 221,
              "state": "failed",
              "speed": null,
              "pass": false,
              "fail": true,
              "pending": false,
              "context": null,
              "code": "cy.request({\n  url: endpoint,\n  method: \"DELETE\",\n  headers: {\n    Authorization: `Bearer ${_tokens.charlyToken}`\n  }\n}).its(\"status\").should(\"equal\", 204);",
              "err": {
                "message": "CypressError: `cy.request()` failed on:\n\nhttp://localhost:3000/api/bids/8ccc6e79-f3c9-43e9-b47e-5be7b84d8de7\n\nThe response we received from your web server was:\n\n  > 600: Unknown Status Code\n\nThis was considered a failure because the status code was not `2xx` or `3xx`.\n\nIf you do not want status codes to cause failures pass the option: `failOnStatusCode: false`\n\n-----------------------------------------------------------\n\nThe request we sent was:\n\nMethod: DELETE\nURL: http://localhost:3000/api/bids/8ccc6e79-f3c9-43e9-b47e-5be7b84d8de7\nHeaders: {\n  \"Connection\": \"keep-alive\",\n  \"Authorization\": \"Bearer eyJhbGciOiJIUzI1NiIsInR5cCI6IkpXVCJ9.eyJpZCI6IjNmZWRjYzU2LWIxY2YtNDQ2Zi1iZmFjLTQ3YzlkMzc0YmMxOCIsInVzZXJuYW1lIjoiY2hhcmx5IiwiZW1haWwiOiJjaGFybHlAZXhhbXBsZS5jb20iLCJhZG1pbiI6ZmFsc2UsImlhdCI6MTY3OTc4OTA5M30.iJ25mRNgphA3xhFM-j8FrlzpFc75_OrrnacOhM6bcW8\",\n  \"user-agent\": \"Mozilla/5.0 (Windows NT 10.0; Win64; x64) AppleWebKit/537.36 (KHTML, like Gecko) HeadlessChrome/123.0.0.0 Safari/537.36\",\n  \"accept\": \"*/*\",\n  \"accept-encoding\": \"gzip, deflate\",\n  \"content-length\": 0\n}\n\n-----------------------------------------------------------\n\nThe response we got was:\n\nStatus: 600 - Unknown Status Code\nHeaders: {\n  \"x-powered-by\": \"Express\",\n  \"access-control-allow-origin\": \"*\",\n  \"date\": \"Mon, 08 Apr 2024 12:25:00 GMT\",\n  \"connection\": \"keep-alive\",\n  \"keep-alive\": \"timeout=5\",\n  \"content-length\": \"0\"\n}\nBody: \n\n\nhttps://on.cypress.io/request",
                "estack": "CypressError: `cy.request()` failed on:\n\nhttp://localhost:3000/api/bids/8ccc6e79-f3c9-43e9-b47e-5be7b84d8de7\n\nThe response we received from your web server was:\n\n  > 600: Unknown Status Code\n\nThis was considered a failure because the status code was not `2xx` or `3xx`.\n\nIf you do not want status codes to cause failures pass the option: `failOnStatusCode: false`\n\n-----------------------------------------------------------\n\nThe request we sent was:\n\nMethod: DELETE\nURL: http://localhost:3000/api/bids/8ccc6e79-f3c9-43e9-b47e-5be7b84d8de7\nHeaders: {\n  \"Connection\": \"keep-alive\",\n  \"Authorization\": \"Bearer eyJhbGciOiJIUzI1NiIsInR5cCI6IkpXVCJ9.eyJpZCI6IjNmZWRjYzU2LWIxY2YtNDQ2Zi1iZmFjLTQ3YzlkMzc0YmMxOCIsInVzZXJuYW1lIjoiY2hhcmx5IiwiZW1haWwiOiJjaGFybHlAZXhhbXBsZS5jb20iLCJhZG1pbiI6ZmFsc2UsImlhdCI6MTY3OTc4OTA5M30.iJ25mRNgphA3xhFM-j8FrlzpFc75_OrrnacOhM6bcW8\",\n  \"user-agent\": \"Mozilla/5.0 (Windows NT 10.0; Win64; x64) AppleWebKit/537.36 (KHTML, like Gecko) HeadlessChrome/123.0.0.0 Safari/537.36\",\n  \"accept\": \"*/*\",\n  \"accept-encoding\": \"gzip, deflate\",\n  \"content-length\": 0\n}\n\n-----------------------------------------------------------\n\nThe response we got was:\n\nStatus: 600 - Unknown Status Code\nHeaders: {\n  \"x-powered-by\": \"Express\",\n  \"access-control-allow-origin\": \"*\",\n  \"date\": \"Mon, 08 Apr 2024 12:25:00 GMT\",\n  \"connection\": \"keep-alive\",\n  \"keep-alive\": \"timeout=5\",\n  \"content-length\": \"0\"\n}\nBody: \n\n\nhttps://on.cypress.io/request\n    at <unknown> (http://localhost:62416/__cypress/runner/cypress_runner.js:133123:72)\n    at tryCatcher (http://localhost:62416/__cypress/runner/cypress_runner.js:1807:23)\n    at Promise._settlePromiseFromHandler (http://localhost:62416/__cypress/runner/cypress_runner.js:1519:31)\n    at Promise._settlePromise (http://localhost:62416/__cypress/runner/cypress_runner.js:1576:18)\n    at Promise._settlePromise0 (http://localhost:62416/__cypress/runner/cypress_runner.js:1621:10)\n    at Promise._settlePromises (http://localhost:62416/__cypress/runner/cypress_runner.js:1701:18)\n    at _drainQueueStep (http://localhost:62416/__cypress/runner/cypress_runner.js:2407:12)\n    at _drainQueue (http://localhost:62416/__cypress/runner/cypress_runner.js:2400:9)\n    at Async._drainQueues (http://localhost:62416/__cypress/runner/cypress_runner.js:2416:5)\n    at Async.drainQueues (http://localhost:62416/__cypress/runner/cypress_runner.js:2286:14)\nFrom Your Spec Code:\n    at Context.eval (webpack://frontend/./cypress/e2e/backend/endpoints.cy.js:579:7)",
                "diff": null
              },
              "uuid": "55dfb8f0-7a2f-47c8-beb2-722e9ce2e67e",
              "parentUUID": "eaf864d7-7c97-4b5e-b082-f3ac5c47b87e",
              "isHook": false,
              "skipped": false
            },
            {
              "title": "returns 403 - forbidden, when non owner edit",
              "fullTitle": "DELETE /bids/:bidId returns 403 - forbidden, when non owner edit",
              "timedOut": null,
              "duration": 4247,
              "state": "failed",
              "speed": null,
              "pass": false,
              "fail": true,
              "pending": false,
              "context": null,
              "code": "cy.request({\n  url: endpoint,\n  method: \"DELETE\",\n  headers: {\n    Authorization: `Bearer ${_tokens.bobToken}`\n  },\n  failOnStatusCode: false\n}).its(\"status\").should(\"equal\", 403);",
              "err": {
                "message": "AssertionError: Timed out retrying after 4000ms: expected 600 to equal 403",
                "estack": "AssertionError: Timed out retrying after 4000ms: expected 600 to equal 403\n    at Context.eval (webpack://frontend/./cypress/e2e/backend/endpoints.cy.js:600:7)",
                "diff": "- 600\n+ 403\n"
              },
              "uuid": "be503b36-6475-414a-b9c4-9cc51f65b34f",
              "parentUUID": "eaf864d7-7c97-4b5e-b082-f3ac5c47b87e",
              "isHook": false,
              "skipped": false
            },
            {
              "title": "returns 204 - success, when admin edit",
              "fullTitle": "DELETE /bids/:bidId returns 204 - success, when admin edit",
              "timedOut": null,
              "duration": 239,
              "state": "failed",
              "speed": null,
              "pass": false,
              "fail": true,
              "pending": false,
              "context": null,
              "code": "cy.request({\n  url: endpoint,\n  method: \"DELETE\",\n  headers: {\n    Authorization: `Bearer ${_tokens.adminToken}`\n  }\n}).its(\"status\").should(\"equal\", 204);",
              "err": {
                "message": "CypressError: `cy.request()` failed on:\n\nhttp://localhost:3000/api/bids/8ccc6e79-f3c9-43e9-b47e-5be7b84d8de7\n\nThe response we received from your web server was:\n\n  > 600: Unknown Status Code\n\nThis was considered a failure because the status code was not `2xx` or `3xx`.\n\nIf you do not want status codes to cause failures pass the option: `failOnStatusCode: false`\n\n-----------------------------------------------------------\n\nThe request we sent was:\n\nMethod: DELETE\nURL: http://localhost:3000/api/bids/8ccc6e79-f3c9-43e9-b47e-5be7b84d8de7\nHeaders: {\n  \"Connection\": \"keep-alive\",\n  \"Authorization\": \"Bearer eyJhbGciOiJIUzI1NiIsInR5cCI6IkpXVCJ9.eyJpZCI6IjRmNjhhMjg2LWQ4ODctNDE4NS05NzBhLTJlOGY5NjA3NTUwYyIsInVzZXJuYW1lIjoiYWRtaW4iLCJlbWFpbCI6ImFkbWluQGFkbWluLm9yZyIsImFkbWluIjp0cnVlLCJpYXQiOjE2Nzk2MTMxNzZ9.PJHuY8TzyF8CJwzw5Ih9GgcRZmd6BjsfRdMZ4fzpGZs\",\n  \"user-agent\": \"Mozilla/5.0 (Windows NT 10.0; Win64; x64) AppleWebKit/537.36 (KHTML, like Gecko) HeadlessChrome/123.0.0.0 Safari/537.36\",\n  \"accept\": \"*/*\",\n  \"accept-encoding\": \"gzip, deflate\",\n  \"content-length\": 0\n}\n\n-----------------------------------------------------------\n\nThe response we got was:\n\nStatus: 600 - Unknown Status Code\nHeaders: {\n  \"x-powered-by\": \"Express\",\n  \"access-control-allow-origin\": \"*\",\n  \"date\": \"Mon, 08 Apr 2024 12:25:04 GMT\",\n  \"connection\": \"keep-alive\",\n  \"keep-alive\": \"timeout=5\",\n  \"content-length\": \"0\"\n}\nBody: \n\n\nhttps://on.cypress.io/request",
                "estack": "CypressError: `cy.request()` failed on:\n\nhttp://localhost:3000/api/bids/8ccc6e79-f3c9-43e9-b47e-5be7b84d8de7\n\nThe response we received from your web server was:\n\n  > 600: Unknown Status Code\n\nThis was considered a failure because the status code was not `2xx` or `3xx`.\n\nIf you do not want status codes to cause failures pass the option: `failOnStatusCode: false`\n\n-----------------------------------------------------------\n\nThe request we sent was:\n\nMethod: DELETE\nURL: http://localhost:3000/api/bids/8ccc6e79-f3c9-43e9-b47e-5be7b84d8de7\nHeaders: {\n  \"Connection\": \"keep-alive\",\n  \"Authorization\": \"Bearer eyJhbGciOiJIUzI1NiIsInR5cCI6IkpXVCJ9.eyJpZCI6IjRmNjhhMjg2LWQ4ODctNDE4NS05NzBhLTJlOGY5NjA3NTUwYyIsInVzZXJuYW1lIjoiYWRtaW4iLCJlbWFpbCI6ImFkbWluQGFkbWluLm9yZyIsImFkbWluIjp0cnVlLCJpYXQiOjE2Nzk2MTMxNzZ9.PJHuY8TzyF8CJwzw5Ih9GgcRZmd6BjsfRdMZ4fzpGZs\",\n  \"user-agent\": \"Mozilla/5.0 (Windows NT 10.0; Win64; x64) AppleWebKit/537.36 (KHTML, like Gecko) HeadlessChrome/123.0.0.0 Safari/537.36\",\n  \"accept\": \"*/*\",\n  \"accept-encoding\": \"gzip, deflate\",\n  \"content-length\": 0\n}\n\n-----------------------------------------------------------\n\nThe response we got was:\n\nStatus: 600 - Unknown Status Code\nHeaders: {\n  \"x-powered-by\": \"Express\",\n  \"access-control-allow-origin\": \"*\",\n  \"date\": \"Mon, 08 Apr 2024 12:25:04 GMT\",\n  \"connection\": \"keep-alive\",\n  \"keep-alive\": \"timeout=5\",\n  \"content-length\": \"0\"\n}\nBody: \n\n\nhttps://on.cypress.io/request\n    at <unknown> (http://localhost:62416/__cypress/runner/cypress_runner.js:133123:72)\n    at tryCatcher (http://localhost:62416/__cypress/runner/cypress_runner.js:1807:23)\n    at Promise._settlePromiseFromHandler (http://localhost:62416/__cypress/runner/cypress_runner.js:1519:31)\n    at Promise._settlePromise (http://localhost:62416/__cypress/runner/cypress_runner.js:1576:18)\n    at Promise._settlePromise0 (http://localhost:62416/__cypress/runner/cypress_runner.js:1621:10)\n    at Promise._settlePromises (http://localhost:62416/__cypress/runner/cypress_runner.js:1701:18)\n    at _drainQueueStep (http://localhost:62416/__cypress/runner/cypress_runner.js:2407:12)\n    at _drainQueue (http://localhost:62416/__cypress/runner/cypress_runner.js:2400:9)\n    at Async._drainQueues (http://localhost:62416/__cypress/runner/cypress_runner.js:2416:5)\n    at Async.drainQueues (http://localhost:62416/__cypress/runner/cypress_runner.js:2286:14)\nFrom Your Spec Code:\n    at Context.eval (webpack://frontend/./cypress/e2e/backend/endpoints.cy.js:604:7)",
                "diff": null
              },
              "uuid": "64a32774-5e65-48b7-81c3-52c65a3843f9",
              "parentUUID": "eaf864d7-7c97-4b5e-b082-f3ac5c47b87e",
              "isHook": false,
              "skipped": false
            },
            {
              "title": "returns 404 - not found",
              "fullTitle": "DELETE /bids/:bidId returns 404 - not found",
              "timedOut": null,
              "duration": 165,
              "state": "passed",
              "speed": "fast",
              "pass": true,
              "fail": false,
              "pending": false,
              "context": null,
              "code": "cy.request({\n  url: \"http://localhost:3000/api/products/not-existing-id\",\n  method: \"DELETE\",\n  headers: {\n    Authorization: `Bearer ${_tokens.aliceToken}`\n  },\n  failOnStatusCode: false\n}).its(\"status\").should(\"equal\", 404);",
              "err": {},
              "uuid": "4166868d-cb7b-4fd5-b4fb-5a1ad3842afa",
              "parentUUID": "eaf864d7-7c97-4b5e-b082-f3ac5c47b87e",
              "isHook": false,
              "skipped": false
            },
            {
              "title": "check mutation - object deleted in database",
              "fullTitle": "DELETE /bids/:bidId check mutation - object deleted in database",
              "timedOut": null,
              "duration": 279,
              "state": "failed",
              "speed": null,
              "pass": false,
              "fail": true,
              "pending": false,
              "context": null,
              "code": "cy.request({\n  url: \"http://localhost:3000/api/products/a0f7c522-78f8-442e-a55d-642cfe566634\",\n  method: \"GET\",\n  headers: {\n    Authorization: `Bearer ${_tokens.aliceToken}`\n  }\n}).then(response => {\n  const product = response.body;\n  expect(product.bids.some(bid => bid.id === \"8ccc6e79-f3c9-43e9-b47e-5be7b84d8de7\")).to.be.true;\n  cy.request({\n    url: endpoint,\n    method: \"DELETE\",\n    headers: {\n      Authorization: `Bearer ${_tokens.charlyToken}`\n    }\n  }).then(response => {\n    expect(response.status).to.be.eq(204);\n    cy.request({\n      url: \"http://localhost:3000/api/products/a0f7c522-78f8-442e-a55d-642cfe566634\",\n      method: \"GET\",\n      headers: {\n        Authorization: `Bearer ${_tokens.aliceToken}`\n      },\n      failOnStatusCode: false\n    }).then(response => {\n      const product = response.body;\n      expect(product.bids.some(bid => bid.id === \"8ccc6e79-f3c9-43e9-b47e-5be7b84d8de7\")).to.be.false;\n    });\n  });\n});",
              "err": {
                "message": "CypressError: `cy.request()` failed on:\n\nhttp://localhost:3000/api/bids/8ccc6e79-f3c9-43e9-b47e-5be7b84d8de7\n\nThe response we received from your web server was:\n\n  > 600: Unknown Status Code\n\nThis was considered a failure because the status code was not `2xx` or `3xx`.\n\nIf you do not want status codes to cause failures pass the option: `failOnStatusCode: false`\n\n-----------------------------------------------------------\n\nThe request we sent was:\n\nMethod: DELETE\nURL: http://localhost:3000/api/bids/8ccc6e79-f3c9-43e9-b47e-5be7b84d8de7\nHeaders: {\n  \"Connection\": \"keep-alive\",\n  \"Authorization\": \"Bearer eyJhbGciOiJIUzI1NiIsInR5cCI6IkpXVCJ9.eyJpZCI6IjNmZWRjYzU2LWIxY2YtNDQ2Zi1iZmFjLTQ3YzlkMzc0YmMxOCIsInVzZXJuYW1lIjoiY2hhcmx5IiwiZW1haWwiOiJjaGFybHlAZXhhbXBsZS5jb20iLCJhZG1pbiI6ZmFsc2UsImlhdCI6MTY3OTc4OTA5M30.iJ25mRNgphA3xhFM-j8FrlzpFc75_OrrnacOhM6bcW8\",\n  \"user-agent\": \"Mozilla/5.0 (Windows NT 10.0; Win64; x64) AppleWebKit/537.36 (KHTML, like Gecko) HeadlessChrome/123.0.0.0 Safari/537.36\",\n  \"accept\": \"*/*\",\n  \"accept-encoding\": \"gzip, deflate\",\n  \"content-length\": 0\n}\n\n-----------------------------------------------------------\n\nThe response we got was:\n\nStatus: 600 - Unknown Status Code\nHeaders: {\n  \"x-powered-by\": \"Express\",\n  \"access-control-allow-origin\": \"*\",\n  \"date\": \"Mon, 08 Apr 2024 12:25:05 GMT\",\n  \"connection\": \"keep-alive\",\n  \"keep-alive\": \"timeout=5\",\n  \"content-length\": \"0\"\n}\nBody: \n\n\nhttps://on.cypress.io/request",
                "estack": "CypressError: `cy.request()` failed on:\n\nhttp://localhost:3000/api/bids/8ccc6e79-f3c9-43e9-b47e-5be7b84d8de7\n\nThe response we received from your web server was:\n\n  > 600: Unknown Status Code\n\nThis was considered a failure because the status code was not `2xx` or `3xx`.\n\nIf you do not want status codes to cause failures pass the option: `failOnStatusCode: false`\n\n-----------------------------------------------------------\n\nThe request we sent was:\n\nMethod: DELETE\nURL: http://localhost:3000/api/bids/8ccc6e79-f3c9-43e9-b47e-5be7b84d8de7\nHeaders: {\n  \"Connection\": \"keep-alive\",\n  \"Authorization\": \"Bearer eyJhbGciOiJIUzI1NiIsInR5cCI6IkpXVCJ9.eyJpZCI6IjNmZWRjYzU2LWIxY2YtNDQ2Zi1iZmFjLTQ3YzlkMzc0YmMxOCIsInVzZXJuYW1lIjoiY2hhcmx5IiwiZW1haWwiOiJjaGFybHlAZXhhbXBsZS5jb20iLCJhZG1pbiI6ZmFsc2UsImlhdCI6MTY3OTc4OTA5M30.iJ25mRNgphA3xhFM-j8FrlzpFc75_OrrnacOhM6bcW8\",\n  \"user-agent\": \"Mozilla/5.0 (Windows NT 10.0; Win64; x64) AppleWebKit/537.36 (KHTML, like Gecko) HeadlessChrome/123.0.0.0 Safari/537.36\",\n  \"accept\": \"*/*\",\n  \"accept-encoding\": \"gzip, deflate\",\n  \"content-length\": 0\n}\n\n-----------------------------------------------------------\n\nThe response we got was:\n\nStatus: 600 - Unknown Status Code\nHeaders: {\n  \"x-powered-by\": \"Express\",\n  \"access-control-allow-origin\": \"*\",\n  \"date\": \"Mon, 08 Apr 2024 12:25:05 GMT\",\n  \"connection\": \"keep-alive\",\n  \"keep-alive\": \"timeout=5\",\n  \"content-length\": \"0\"\n}\nBody: \n\n\nhttps://on.cypress.io/request\n    at <unknown> (http://localhost:62416/__cypress/runner/cypress_runner.js:133123:72)\n    at tryCatcher (http://localhost:62416/__cypress/runner/cypress_runner.js:1807:23)\n    at Promise._settlePromiseFromHandler (http://localhost:62416/__cypress/runner/cypress_runner.js:1519:31)\n    at Promise._settlePromise (http://localhost:62416/__cypress/runner/cypress_runner.js:1576:18)\n    at Promise._settlePromise0 (http://localhost:62416/__cypress/runner/cypress_runner.js:1621:10)\n    at Promise._settlePromises (http://localhost:62416/__cypress/runner/cypress_runner.js:1701:18)\n    at _drainQueueStep (http://localhost:62416/__cypress/runner/cypress_runner.js:2407:12)\n    at _drainQueue (http://localhost:62416/__cypress/runner/cypress_runner.js:2400:9)\n    at Async._drainQueues (http://localhost:62416/__cypress/runner/cypress_runner.js:2416:5)\n    at Async.drainQueues (http://localhost:62416/__cypress/runner/cypress_runner.js:2286:14)\nFrom Your Spec Code:\n    at Context.eval (webpack://frontend/./cypress/e2e/backend/endpoints.cy.js:637:6)",
                "diff": null
              },
              "uuid": "e177234c-59a4-410f-a0a4-f430ab24b411",
              "parentUUID": "eaf864d7-7c97-4b5e-b082-f3ac5c47b87e",
              "isHook": false,
              "skipped": false
            }
          ],
          "suites": [],
          "passes": [
            "4166868d-cb7b-4fd5-b4fb-5a1ad3842afa"
          ],
          "failures": [
            "d70d36f3-ca63-4e7f-ad0c-0018d1bf6fbf",
            "55dfb8f0-7a2f-47c8-beb2-722e9ce2e67e",
            "be503b36-6475-414a-b9c4-9cc51f65b34f",
            "64a32774-5e65-48b7-81c3-52c65a3843f9",
            "e177234c-59a4-410f-a0a4-f430ab24b411"
          ],
          "pending": [],
          "skipped": [],
          "duration": 9378,
          "root": false,
          "rootEmpty": false,
          "_timeout": 2000
        },
        {
          "uuid": "5a5ab273-8447-4f72-a165-ed49ad32f9a9",
          "title": "GET /api/users/:userId",
          "fullFile": "",
          "file": "",
          "beforeHooks": [],
          "afterHooks": [],
          "tests": [
            {
              "title": "returns 404 - not found",
              "fullTitle": "GET /api/users/:userId returns 404 - not found",
              "timedOut": null,
              "duration": 121,
              "state": "passed",
              "speed": "fast",
              "pass": true,
              "fail": false,
              "pending": false,
              "context": null,
              "code": "cy.request({\n  url: \"http://localhost:3000/api/users/not-existing-id\",\n  failOnStatusCode: false\n}).its(\"status\").should(\"equal\", 404);",
              "err": {},
              "uuid": "30d9cbcb-2b6b-4100-b724-d9d7919f19a4",
              "parentUUID": "5a5ab273-8447-4f72-a165-ed49ad32f9a9",
              "isHook": false,
              "skipped": false
            },
            {
              "title": "returns 200 - success",
              "fullTitle": "GET /api/users/:userId returns 200 - success",
              "timedOut": null,
              "duration": 538,
              "state": "passed",
              "speed": "fast",
              "pass": true,
              "fail": false,
              "pending": false,
              "context": null,
              "code": "cy.request(\"http://localhost:3000/api/users/1f2fadb1-0d7e-47a7-9d5b-ed031d665d3e\").then(response => {\n  expect(response.status).to.be.eq(200);\n  expect(response.headers[\"content-type\"]).to.contains(\"application/json\");\n  const user = response.body;\n  expect(user.id).to.eq(\"1f2fadb1-0d7e-47a7-9d5b-ed031d665d3e\");\n  expect(user.username).to.be.eq(\"alice\");\n  expect(user.admin).to.be.false;\n  for (let product of user.products) {\n    expect(product.id).to.be.a(\"string\");\n    expect(product.id).to.match(_pattern.UUIDv4);\n    expect(product.description).to.be.a(\"string\");\n    expect(product.category).to.be.a(\"string\");\n    expect(product.originalPrice).to.be.a(\"number\");\n    expect(product.pictureUrl).to.be.a(\"string\");\n    expect(product.endDate).to.be.a(\"string\");\n    expect(product.endDate).to.match(_pattern.IOS8601);\n  }\n  for (let bid of user.bids) {\n    expect(bid.id).to.be.a(\"string\");\n    expect(bid.id).to.match(_pattern.UUIDv4);\n    expect(bid.price).to.be.a(\"number\");\n    expect(bid.date).to.be.a(\"string\");\n    expect(bid.date).to.match(_pattern.IOS8601);\n    expect(bid.product.id).to.a(\"string\");\n    expect(bid.product.id).to.match(_pattern.UUIDv4);\n    expect(bid.product.name).to.a(\"string\");\n  }\n});",
              "err": {},
              "uuid": "d2eae533-a0bd-463a-9ce1-157d63341549",
              "parentUUID": "5a5ab273-8447-4f72-a165-ed49ad32f9a9",
              "isHook": false,
              "skipped": false
            }
          ],
          "suites": [],
          "passes": [
            "30d9cbcb-2b6b-4100-b724-d9d7919f19a4",
            "d2eae533-a0bd-463a-9ce1-157d63341549"
          ],
          "failures": [],
          "pending": [],
          "skipped": [],
          "duration": 659,
          "root": false,
          "rootEmpty": false,
          "_timeout": 2000
        }
      ],
      "passes": [],
      "failures": [],
      "pending": [],
      "skipped": [],
      "duration": 0,
      "root": true,
      "rootEmpty": true,
      "_timeout": 2000
    }
  ],
  "meta": {
    "mocha": {
      "version": "7.0.1"
    },
    "mochawesome": {
      "options": {
        "quiet": false,
        "reportFilename": "mochawesome",
        "saveHtml": false,
        "saveJson": true,
        "consoleReporter": "spec",
        "useInlineDiffs": false,
        "code": true
      },
      "version": "7.1.3"
    },
    "marge": {
      "options": {
        "reportDir": "cypress/results",
        "overwrite": false,
        "html": false,
        "json": true
      },
      "version": "6.2.0"
    }
  }
}